#
# There is insufficient memory for the Java Runtime Environment to continue.
# Native memory allocation (mmap) failed to map 130023424 bytes for G1 virtual space
# Possible reasons:
#   The system is out of physical RAM or swap space
#   The process is running with CompressedOops enabled, and the Java Heap may be blocking the growth of the native heap
# Possible solutions:
#   Reduce memory load on the system
#   Increase physical memory or swap space
#   Check if swap backing store is full
#   Decrease Java heap size (-Xmx/-Xms)
#   Decrease number of Java threads
#   Decrease Java thread stack sizes (-Xss)
#   Set larger code cache with -XX:ReservedCodeCacheSize=
#   JVM is running with Unscaled Compressed Oops mode in which the Java heap is
#     placed in the first 4GB address space. The Java Heap base address is the
#     maximum limit for the native heap growth. Please use -XX:HeapBaseMinAddress
#     to set the Java Heap base and to place the Java Heap above 4GB virtual address.
# This output file may be truncated or incomplete.
#
#  Out of Memory Error (os_windows.cpp:3769), pid=4208, tid=9380
#
# JRE version:  (17.0.6) (build )
# Java VM: OpenJDK 64-Bit Server VM (17.0.6+0-b2043.56-9586694, mixed mode, sharing, tiered, compressed oops, compressed class ptrs, g1 gc, windows-amd64)
# No core dump will be written. Minidumps are not enabled by default on client versions of Windows
#

---------------  S U M M A R Y ------------

Command Line: 

Host: 11th Gen Intel(R) Core(TM) i3-1115G4 @ 3.00GHz, 4 cores, 7G,  Windows 11 , 64 bit Build 22621 (10.0.22621.3527)
Time: Tue May 21 01:53:53 2024 W. Central Africa Standard Time elapsed time: 0.274977 seconds (0d 0h 0m 0s)

---------------  T H R E A D  ---------------

Current thread (0x0000022d831f3270):  JavaThread "Unknown thread" [_thread_in_vm, id=9380, stack(0x0000009ba5600000,0x0000009ba5700000)]

Stack: [0x0000009ba5600000,0x0000009ba5700000]
Native frames: (J=compiled Java code, j=interpreted, Vv=VM code, C=native code)
V  [jvm.dll+0x683b4a]
V  [jvm.dll+0x842654]
V  [jvm.dll+0x843dfe]
V  [jvm.dll+0x844463]
V  [jvm.dll+0x249b75]
V  [jvm.dll+0x680a19]
V  [jvm.dll+0x674f0a]
V  [jvm.dll+0x309acb]
V  [jvm.dll+0x310f86]
V  [jvm.dll+0x3608ee]
V  [jvm.dll+0x360b1f]
V  [jvm.dll+0x2dfbf8]
V  [jvm.dll+0x2e0b64]
V  [jvm.dll+0x813f41]
V  [jvm.dll+0x36e6a1]
V  [jvm.dll+0x7f347c]
V  [jvm.dll+0x3f0e8f]
V  [jvm.dll+0x3f29d1]
C  [jli.dll+0x526b]
C  [ucrtbase.dll+0x29333]
C  [KERNEL32.DLL+0x1257d]
C  [ntdll.dll+0x5aa48]


---------------  P R O C E S S  ---------------

Threads class SMR info:
_java_thread_list=0x00007ffcd053c058, length=0, elements={
}

Java Threads: ( => current thread )

Other Threads:
  0x0000022d8324c6d0 GCTaskThread "GC Thread#0" [stack: 0x0000009ba5700000,0x0000009ba5800000] [id=11804]
  0x0000022d8325cc90 ConcurrentGCThread "G1 Main Marker" [stack: 0x0000009ba5800000,0x0000009ba5900000] [id=29988]
  0x0000022d8325d6a0 ConcurrentGCThread "G1 Conc#0" [stack: 0x0000009ba5900000,0x0000009ba5a00000] [id=29284]

[error occurred during error reporting (printing all threads), id 0xc0000005, EXCEPTION_ACCESS_VIOLATION (0xc0000005) at pc=0x00007ffccfcf0797]

VM state: not at safepoint (not fully initialized)

VM Mutex/Monitor currently owned by a thread:  ([mutex/lock_event])
[0x0000022d831ee750] Heap_lock - owner thread: 0x0000022d831f3270

Heap address: 0x0000000084c00000, size: 1972 MB, Compressed Oops mode: 32-bit

CDS archive(s) mapped at: [0x0000000000000000-0x0000000000000000-0x0000000000000000), size 0, SharedBaseAddress: 0x0000000800000000, ArchiveRelocationMode: 0.
Narrow klass base: 0x0000000000000000, Narrow klass shift: 0, Narrow klass range: 0x0

GC Precious Log:
<Empty>

Heap:
 garbage-first heap   total 0K, used 0K [0x0000000084c00000, 0x0000000100000000)
  region size 1024K, 0 young (0K), 0 survivors (0K)

[error occurred during error reporting (printing heap information), id 0xc0000005, EXCEPTION_ACCESS_VIOLATION (0xc0000005) at pc=0x00007ffcd00dd939]

GC Heap History (0 events):
No events

Dll operation events (1 events):
Event: 0.141 Loaded shared library C:\Program Files\Android\Android Studio1\jbr\bin\java.dll

Deoptimization events (0 events):
No events

Classes unloaded (0 events):
No events

Classes redefined (0 events):
No events

Internal exceptions (0 events):
No events

VM Operations (0 events):
No events

Events (0 events):
No events


Dynamic libraries:
0x00007ff773fe0000 - 0x00007ff773fea000 	C:\Program Files\Android\Android Studio1\jbr\bin\java.EXE
0x00007ffd49770000 - 0x00007ffd49987000 	C:\WINDOWS\SYSTEM32\ntdll.dll
0x00007ffd1e6e0000 - 0x00007ffd1e6f9000 	C:\Program Files\AVG\Antivirus\aswhook.dll
0x00007ffd48890000 - 0x00007ffd48954000 	C:\WINDOWS\System32\KERNEL32.DLL
0x00007ffd46a90000 - 0x00007ffd46e37000 	C:\WINDOWS\System32\KERNELBASE.dll
0x00007ffd47050000 - 0x00007ffd47161000 	C:\WINDOWS\System32\ucrtbase.dll
0x00007ffd25ce0000 - 0x00007ffd25cf7000 	C:\Program Files\Android\Android Studio1\jbr\bin\jli.dll
0x00007ffd24ea0000 - 0x00007ffd24ebb000 	C:\Program Files\Android\Android Studio1\jbr\bin\VCRUNTIME140.dll
0x00007ffd474a0000 - 0x00007ffd4764e000 	C:\WINDOWS\System32\USER32.dll
0x00007ffd47020000 - 0x00007ffd47046000 	C:\WINDOWS\System32\win32u.dll
0x00007ffd47690000 - 0x00007ffd476b9000 	C:\WINDOWS\System32\GDI32.dll
0x00007ffd47380000 - 0x00007ffd47499000 	C:\WINDOWS\System32\gdi32full.dll
0x00007ffd47170000 - 0x00007ffd4720a000 	C:\WINDOWS\System32\msvcp_win.dll
0x00007ffd24010000 - 0x00007ffd242a3000 	C:\WINDOWS\WinSxS\amd64_microsoft.windows.common-controls_6595b64144ccf1df_6.0.22621.3527_none_270e469b73872a76\COMCTL32.dll
0x00007ffd48270000 - 0x00007ffd48317000 	C:\WINDOWS\System32\msvcrt.dll
0x00007ffd48d30000 - 0x00007ffd48d61000 	C:\WINDOWS\System32\IMM32.DLL
0x00007ffd384a0000 - 0x00007ffd384ac000 	C:\Program Files\Android\Android Studio1\jbr\bin\vcruntime140_1.dll
0x00007ffd118b0000 - 0x00007ffd1193d000 	C:\Program Files\Android\Android Studio1\jbr\bin\msvcp140.dll
0x00007ffccfa00000 - 0x00007ffcd066d000 	C:\Program Files\Android\Android Studio1\jbr\bin\server\jvm.dll
0x00007ffd48ac0000 - 0x00007ffd48b72000 	C:\WINDOWS\System32\ADVAPI32.dll
0x00007ffd477e0000 - 0x00007ffd47888000 	C:\WINDOWS\System32\sechost.dll
0x00007ffd46e40000 - 0x00007ffd46e68000 	C:\WINDOWS\System32\bcrypt.dll
0x00007ffd49190000 - 0x00007ffd492a5000 	C:\WINDOWS\System32\RPCRT4.dll
0x00007ffd39500000 - 0x00007ffd39534000 	C:\WINDOWS\SYSTEM32\WINMM.dll
0x00007ffd30590000 - 0x00007ffd30599000 	C:\WINDOWS\SYSTEM32\WSOCK32.dll
0x00007ffd47990000 - 0x00007ffd47a01000 	C:\WINDOWS\System32\WS2_32.dll
0x00007ffd3e740000 - 0x00007ffd3e74a000 	C:\WINDOWS\SYSTEM32\VERSION.dll
0x00007ffd45a80000 - 0x00007ffd45a98000 	C:\WINDOWS\SYSTEM32\kernel.appcore.dll
0x00007ffd43740000 - 0x00007ffd4374a000 	C:\Program Files\Android\Android Studio1\jbr\bin\jimage.dll
0x00007ffd44320000 - 0x00007ffd44553000 	C:\WINDOWS\SYSTEM32\DBGHELP.DLL
0x00007ffd483a0000 - 0x00007ffd48728000 	C:\WINDOWS\System32\combase.dll
0x00007ffd48d70000 - 0x00007ffd48e47000 	C:\WINDOWS\System32\OLEAUT32.dll
0x00007ffd375f0000 - 0x00007ffd37622000 	C:\WINDOWS\SYSTEM32\dbgcore.DLL
0x00007ffd46fa0000 - 0x00007ffd47019000 	C:\WINDOWS\System32\bcryptPrimitives.dll
0x00007ffd261d0000 - 0x00007ffd261f5000 	C:\Program Files\Android\Android Studio1\jbr\bin\java.dll

dbghelp: loaded successfully - version: 4.0.5 - missing functions: none
symbol engine: initialized successfully - sym options: 0x614 - pdb path: .;C:\Program Files\Android\Android Studio1\jbr\bin;C:\WINDOWS\SYSTEM32;C:\Program Files\AVG\Antivirus;C:\WINDOWS\WinSxS\amd64_microsoft.windows.common-controls_6595b64144ccf1df_6.0.22621.3527_none_270e469b73872a76;C:\Program Files\Android\Android Studio1\jbr\bin\server

VM Arguments:
java_command: <unknown>
java_class_path (initial): <not set>
Launcher Type: SUN_STANDARD

[Global flags]
     intx CICompilerCount                          = 3                                         {product} {ergonomic}
     uint ConcGCThreads                            = 1                                         {product} {ergonomic}
     uint G1ConcRefinementThreads                  = 4                                         {product} {ergonomic}
   size_t G1HeapRegionSize                         = 1048576                                   {product} {ergonomic}
    uintx GCDrainStackTargetSize                   = 64                                        {product} {ergonomic}
   size_t InitialHeapSize                          = 130023424                                 {product} {ergonomic}
   size_t MarkStackSize                            = 4194304                                   {product} {ergonomic}
   size_t MaxHeapSize                              = 2067791872                                {product} {ergonomic}
   size_t MinHeapDeltaBytes                        = 1048576                                   {product} {ergonomic}
   size_t MinHeapSize                              = 8388608                                   {product} {ergonomic}
    uintx NonNMethodCodeHeapSize                   = 5832780                                {pd product} {ergonomic}
    uintx NonProfiledCodeHeapSize                  = 122912730                              {pd product} {ergonomic}
    uintx ProfiledCodeHeapSize                     = 122912730                              {pd product} {ergonomic}
    uintx ReservedCodeCacheSize                    = 251658240                              {pd product} {ergonomic}
     bool SegmentedCodeCache                       = true                                      {product} {ergonomic}
   size_t SoftMaxHeapSize                          = 2067791872                             {manageable} {ergonomic}
     bool UseCompressedClassPointers               = true                           {product lp64_product} {ergonomic}
     bool UseCompressedOops                        = true                           {product lp64_product} {ergonomic}
     bool UseG1GC                                  = true                                      {product} {ergonomic}
     bool UseLargePagesIndividualAllocation        = false                                  {pd product} {ergonomic}

Logging:
Log output configuration:
 #0: stdout all=warning uptime,level,tags
 #1: stderr all=off uptime,level,tags

Environment Variables:
PATH=C:\Program Files\Common Files\Oracle\Java\javapath;C:\WINDOWS\system32;C:\WINDOWS;C:\WINDOWS\System32\Wbem;C:\WINDOWS\System32\WindowsPowerShell\v1.0\;C:\WINDOWS\System32\OpenSSH\;C:\Program Files\Microsoft SQL Server\150\Tools\Binn\;C:\Program Files\Microsoft SQL Server\Client SDK\ODBC\170\Tools\Binn\;C:\Program Files (x86)\Microsoft SQL Server\160\Tools\Binn\;C:\Program Files\Microsoft SQL Server\160\Tools\Binn\;C:\Program Files\Microsoft SQL Server\160\DTS\Binn\;C:\Program Files\Go\bin;C:\Program Files\nodejs\;C:\Program Files\dotnet\;C:\Program Files\Git\cmd;C:\Users\Wale Jibodu\AppData\Local\Microsoft\WindowsApps;C:\Program Files\JetBrains\PyCharm 2023.1.3\bin;C:\Users\Wale Jibodu\.dotnet\tools;C:\Users\Wale Jibodu\AppData\Local\Programs\Microsoft VS Code\bin;C:\Users\Wale Jibodu\go\bin;C:\Users\Wale Jibodu\AppData\Local\atom\bin;C:\Users\Wale Jibodu\.dotnet\tools;C:\Users\Wale Jibodu\AppData\Roaming\npm;C:\flutter_windows_3.19.6-stable\flutter\bin;C:\ProgramData\chocolatey\bin;;C:\src\flutter\bin\mingit\cmd
USERNAME=Wale Jibodu
OS=Windows_NT
PROCESSOR_IDENTIFIER=Intel64 Family 6 Model 140 Stepping 1, GenuineIntel
TMP=C:\Users\WALEJI~1\AppData\Local\Temp
TEMP=C:\Users\WALEJI~1\AppData\Local\Temp



---------------  S Y S T E M  ---------------

OS:
 Windows 11 , 64 bit Build 22621 (10.0.22621.3527)
OS uptime: 15 days 20:02 hours
Hyper-V role detected

CPU: total 4 (initial active 4) (2 cores per cpu, 2 threads per core) family 6 model 140 stepping 1 microcode 0x86, cx8, cmov, fxsr, ht, mmx, 3dnowpref, sse, sse2, sse3, ssse3, sse4.1, sse4.2, popcnt, lzcnt, tsc, tscinvbit, avx, avx2, aes, erms, clmul, bmi1, bmi2, adx, avx512f, avx512dq, avx512cd, avx512bw, avx512vl, sha, fma, vzeroupper, avx512_vpopcntdq, avx512_vpclmulqdq, avx512_vaes, avx512_vnni, clflush, clflushopt, clwb, avx512_vbmi2, avx512_vbmi, hv

Memory: 4k page, system-wide physical 7886M (230M free)
TotalPageFile size 32462M (AvailPageFile size 73M)
current process WorkingSet (physical memory assigned to process): 11M, peak: 11M
current process commit charge ("private bytes"): 52M, peak: 176M

vm_info: OpenJDK 64-Bit Server VM (17.0.6+0-b2043.56-9586694) for windows-amd64 JRE (17.0.6+0-b2043.56-9586694), built on Feb  9 2023 20:06:20 by "androidbuild" with MS VC++ 16.10 / 16.11 (VS2019)

END.
